<?xml version="1.0" encoding="UTF-8" ?>
<testsuite failures="0" time="0.002" errors="0" skipped="0" tests="5" name="com.uwen.app.aaa.RunPetTest">
  <properties>
[...]
</properties>
  <testcase time="0.002" classname="Scenario: " name="Given there has a pet"/>
  <testcase time="0" classname="Scenario: " name="And it was a dog"/>
  <testcase time="0" classname="Scenario: " name="When the dog said"/>
  <testcase time="0" classname="Scenario: " name="Then the sound should like wang"/>
  <testcase time="0" classname="Scenario: " name="Scenario: "/>
</testsuite>